<?xml version="1.0" encoding="UTF-8" ?>
<testsuite tests="22" failures="0" name="org.jetbrains.jetCheck.GeneratorTest" time="0.656" errors="0" skipped="0">
  <properties>
[...]
</properties>
  <testcase classname="org.jetbrains.jetCheck.GeneratorTest" name="testRecheckWithGivenSeeds" time="0.001"/>
  <testcase classname="org.jetbrains.jetCheck.GeneratorTest" name="testListNotLongerThanMaxDefaultSize" time="0.539"/>
  <testcase classname="org.jetbrains.jetCheck.GeneratorTest" name="testMod" time="0.003"/>
  <testcase classname="org.jetbrains.jetCheck.GeneratorTest" name="testSuchThat" time="0.002"/>
  <testcase classname="org.jetbrains.jetCheck.GeneratorTest" name="testNestedSometimesVeryRareSuchThat" time="0.016"/>
  <testcase classname="org.jetbrains.jetCheck.GeneratorTest" name="testOneOf" time="0.004"/>
  <testcase classname="org.jetbrains.jetCheck.GeneratorTest" name="testSameFrequency" time="0.005"/>
  <testcase classname="org.jetbrains.jetCheck.GeneratorTest" name="testShrinkToRangeStart" time="0.005"/>
  <testcase classname="org.jetbrains.jetCheck.GeneratorTest" name="testListSumMod" time="0.005"/>
  <testcase classname="org.jetbrains.jetCheck.GeneratorTest" name="testBoolean" time="0.004"/>
  <testcase classname="org.jetbrains.jetCheck.GeneratorTest" name="testAsciiIdentifier" time="0.015"/>
  <testcase classname="org.jetbrains.jetCheck.GeneratorTest" name="testListContainsDivisible" time="0.003"/>
  <testcase classname="org.jetbrains.jetCheck.GeneratorTest" name="testIsSorted" time="0.012"/>
  <testcase classname="org.jetbrains.jetCheck.GeneratorTest" name="testSortedDoublesNonDescending" time="0.01"/>
  <testcase classname="org.jetbrains.jetCheck.GeneratorTest" name="testNonEmptyList" time="0.003"/>
  <testcase classname="org.jetbrains.jetCheck.GeneratorTest" name="testStringContains" time="0.009"/>
  <testcase classname="org.jetbrains.jetCheck.GeneratorTest" name="testRecheckingIterationPrecedenceOverWithIterationCount" time="0.002"/>
  <testcase classname="org.jetbrains.jetCheck.GeneratorTest" name="testReplay" time="0.006"/>
  <testcase classname="org.jetbrains.jetCheck.GeneratorTest" name="testNoDuplicateData" time="0.002"/>
  <testcase classname="org.jetbrains.jetCheck.GeneratorTest" name="testLetterStringContains" time="0.002"/>
  <testcase classname="org.jetbrains.jetCheck.GeneratorTest" name="testSuccess" time="0.003"/>
  <testcase classname="org.jetbrains.jetCheck.GeneratorTest" name="testStringOfStringChecksAllChars" time="0.005"/>
</testsuite>